2020-10-14 11:21:51,106 INFO [Test worker] o.s.b.t.c.SpringBootTestContextBootstrapper [AbstractTestContextBootstrapper.java:308] Neither @ContextConfiguration nor @ContextHierarchy found for test class [org.dell.kube.pagesapi.HomeApiTest], using SpringBootContextLoader
2020-10-14 11:21:51,116 INFO [Test worker] o.s.t.c.s.AbstractContextLoader [AbstractContextLoader.java:264] Could not detect default resource locations for test class [org.dell.kube.pagesapi.HomeApiTest]: no resource found for suffixes {-context.xml, Context.groovy}.
2020-10-14 11:21:51,292 INFO [Test worker] o.s.b.t.c.SpringBootTestContextBootstrapper [AbstractTestContextBootstrapper.java:248] Loaded default TestExecutionListener class names from location [META-INF/spring.factories]: [org.springframework.boot.test.autoconfigure.restdocs.RestDocsTestExecutionListener, org.springframework.boot.test.autoconfigure.web.client.MockRestServiceServerResetTestExecutionListener, org.springframework.boot.test.autoconfigure.web.servlet.MockMvcPrintOnlyOnFailureTestExecutionListener, org.springframework.boot.test.autoconfigure.web.servlet.WebDriverTestExecutionListener, org.springframework.boot.test.autoconfigure.webservices.client.MockWebServiceServerTestExecutionListener, org.springframework.boot.test.mock.mockito.MockitoTestExecutionListener, org.springframework.boot.test.mock.mockito.ResetMocksTestExecutionListener, org.springframework.test.context.web.ServletTestExecutionListener, org.springframework.test.context.support.DirtiesContextBeforeModesTestExecutionListener, org.springframework.test.context.support.DependencyInjectionTestExecutionListener, org.springframework.test.context.support.DirtiesContextTestExecutionListener, org.springframework.test.context.transaction.TransactionalTestExecutionListener, org.springframework.test.context.jdbc.SqlScriptsTestExecutionListener, org.springframework.test.context.event.EventPublishingTestExecutionListener]
2020-10-14 11:21:51,307 INFO [Test worker] o.s.b.t.c.SpringBootTestContextBootstrapper [AbstractTestContextBootstrapper.java:177] Using TestExecutionListeners: [org.springframework.test.context.web.ServletTestExecutionListener@f476c8a, org.springframework.test.context.support.DirtiesContextBeforeModesTestExecutionListener@a07e993, org.springframework.boot.test.mock.mockito.MockitoTestExecutionListener@152c7fad, org.springframework.boot.test.autoconfigure.SpringBootDependencyInjectionTestExecutionListener@55ee24fd, org.springframework.test.context.support.DirtiesContextTestExecutionListener@617931f6, org.springframework.test.context.transaction.TransactionalTestExecutionListener@5407173b, org.springframework.test.context.jdbc.SqlScriptsTestExecutionListener@2220cb01, org.springframework.test.context.event.EventPublishingTestExecutionListener@6cdca74, org.springframework.boot.test.autoconfigure.restdocs.RestDocsTestExecutionListener@2e13bdda, org.springframework.boot.test.autoconfigure.web.client.MockRestServiceServerResetTestExecutionListener@4241c9ec, org.springframework.boot.test.autoconfigure.web.servlet.MockMvcPrintOnlyOnFailureTestExecutionListener@661d6a66, org.springframework.boot.test.autoconfigure.web.servlet.WebDriverTestExecutionListener@eeb82bb, org.springframework.boot.test.autoconfigure.webservices.client.MockWebServiceServerTestExecutionListener@3da503d1, org.springframework.boot.test.mock.mockito.ResetMocksTestExecutionListener@7167a320]
2020-10-14 11:21:51,740 INFO [Test worker] o.d.k.p.HomeApiTest [StartupInfoLogger.java:55] Starting HomeApiTest on lin01 with PID 16361 (started by student in /home/student/workspace/pages)
2020-10-14 11:21:51,742 INFO [Test worker] o.d.k.p.HomeApiTest [SpringApplication.java:651] No active profile set, falling back to default profiles: default
2020-10-14 11:21:53,829 INFO [Test worker] o.s.b.w.e.t.TomcatWebServer [TomcatWebServer.java:108] Tomcat initialized with port(s): 0 (http)
2020-10-14 11:21:53,843 INFO [Test worker] o.a.c.h.Http11NioProtocol [DirectJDKLog.java:173] Initializing ProtocolHandler ["http-nio-auto-1"]
2020-10-14 11:21:53,844 INFO [Test worker] o.a.c.c.StandardService [DirectJDKLog.java:173] Starting service [Tomcat]
2020-10-14 11:21:53,845 INFO [Test worker] o.a.c.c.StandardEngine [DirectJDKLog.java:173] Starting Servlet engine: [Apache Tomcat/9.0.36]
2020-10-14 11:21:53,959 INFO [Test worker] o.a.c.c.C.[.[.[/] [DirectJDKLog.java:173] Initializing Spring embedded WebApplicationContext
2020-10-14 11:21:53,960 INFO [Test worker] o.s.b.w.s.c.ServletWebServerApplicationContext [ServletWebServerApplicationContext.java:285] Root WebApplicationContext: initialization completed in 2199 ms
2020-10-14 11:21:54,726 INFO [Test worker] o.s.s.c.ThreadPoolTaskExecutor [ExecutorConfigurationSupport.java:181] Initializing ExecutorService 'applicationTaskExecutor'
2020-10-14 11:21:55,266 INFO [Test worker] o.s.b.a.e.w.EndpointLinksResolver [EndpointLinksResolver.java:58] Exposing 2 endpoint(s) beneath base path '/actuator'
2020-10-14 11:21:55,335 INFO [Test worker] o.a.c.h.Http11NioProtocol [DirectJDKLog.java:173] Starting ProtocolHandler ["http-nio-auto-1"]
2020-10-14 11:21:55,382 INFO [Test worker] o.s.b.w.e.t.TomcatWebServer [TomcatWebServer.java:220] Tomcat started on port(s): 46011 (http) with context path ''
2020-10-14 11:21:55,402 INFO [Test worker] o.d.k.p.HomeApiTest [StartupInfoLogger.java:61] Started HomeApiTest in 4.057 seconds (JVM running for 5.509)
2020-10-14 11:21:55,964 INFO [http-nio-auto-1-exec-1] o.a.c.c.C.[.[.[/] [DirectJDKLog.java:173] Initializing Spring DispatcherServlet 'dispatcherServlet'
2020-10-14 11:21:55,966 INFO [http-nio-auto-1-exec-1] o.s.w.s.DispatcherServlet [FrameworkServlet.java:525] Initializing Servlet 'dispatcherServlet'
2020-10-14 11:21:55,988 INFO [http-nio-auto-1-exec-1] o.s.w.s.DispatcherServlet [FrameworkServlet.java:547] Completed initialization in 21 ms
2020-10-14 11:21:56,163 INFO [http-nio-auto-1-exec-2] c.z.h.HikariDataSource [HikariDataSource.java:110] HikariPool-1 - Starting...
2020-10-14 11:21:56,373 INFO [http-nio-auto-1-exec-2] c.z.h.HikariDataSource [HikariDataSource.java:123] HikariPool-1 - Start completed.
2020-10-14 11:21:56,498 INFO [Test worker] o.s.b.t.c.SpringBootTestContextBootstrapper [AbstractTestContextBootstrapper.java:308] Neither @ContextConfiguration nor @ContextHierarchy found for test class [org.dell.kube.pagesapi.PageApiTest], using SpringBootContextLoader
2020-10-14 11:21:56,501 INFO [Test worker] o.s.t.c.s.AbstractContextLoader [AbstractContextLoader.java:264] Could not detect default resource locations for test class [org.dell.kube.pagesapi.PageApiTest]: no resource found for suffixes {-context.xml, Context.groovy}.
2020-10-14 11:21:56,509 INFO [Test worker] o.s.b.t.c.SpringBootTestContextBootstrapper [AbstractTestContextBootstrapper.java:248] Loaded default TestExecutionListener class names from location [META-INF/spring.factories]: [org.springframework.boot.test.autoconfigure.restdocs.RestDocsTestExecutionListener, org.springframework.boot.test.autoconfigure.web.client.MockRestServiceServerResetTestExecutionListener, org.springframework.boot.test.autoconfigure.web.servlet.MockMvcPrintOnlyOnFailureTestExecutionListener, org.springframework.boot.test.autoconfigure.web.servlet.WebDriverTestExecutionListener, org.springframework.boot.test.autoconfigure.webservices.client.MockWebServiceServerTestExecutionListener, org.springframework.boot.test.mock.mockito.MockitoTestExecutionListener, org.springframework.boot.test.mock.mockito.ResetMocksTestExecutionListener, org.springframework.test.context.web.ServletTestExecutionListener, org.springframework.test.context.support.DirtiesContextBeforeModesTestExecutionListener, org.springframework.test.context.support.DependencyInjectionTestExecutionListener, org.springframework.test.context.support.DirtiesContextTestExecutionListener, org.springframework.test.context.transaction.TransactionalTestExecutionListener, org.springframework.test.context.jdbc.SqlScriptsTestExecutionListener, org.springframework.test.context.event.EventPublishingTestExecutionListener]
2020-10-14 11:21:56,515 INFO [Test worker] o.s.b.t.c.SpringBootTestContextBootstrapper [AbstractTestContextBootstrapper.java:177] Using TestExecutionListeners: [org.springframework.test.context.web.ServletTestExecutionListener@6cd85f2d, org.springframework.test.context.support.DirtiesContextBeforeModesTestExecutionListener@561e479f, org.springframework.boot.test.mock.mockito.MockitoTestExecutionListener@6fe155dd, org.springframework.boot.test.autoconfigure.SpringBootDependencyInjectionTestExecutionListener@327d566d, org.springframework.test.context.support.DirtiesContextTestExecutionListener@1c725638, org.springframework.test.context.transaction.TransactionalTestExecutionListener@3874d896, org.springframework.test.context.jdbc.SqlScriptsTestExecutionListener@5d5e3df8, org.springframework.test.context.event.EventPublishingTestExecutionListener@5c8d600, org.springframework.boot.test.autoconfigure.restdocs.RestDocsTestExecutionListener@b059317, org.springframework.boot.test.autoconfigure.web.client.MockRestServiceServerResetTestExecutionListener@15ab5a89, org.springframework.boot.test.autoconfigure.web.servlet.MockMvcPrintOnlyOnFailureTestExecutionListener@39360439, org.springframework.boot.test.autoconfigure.web.servlet.WebDriverTestExecutionListener@7a8dbdc9, org.springframework.boot.test.autoconfigure.webservices.client.MockWebServiceServerTestExecutionListener@5db704a4, org.springframework.boot.test.mock.mockito.ResetMocksTestExecutionListener@12077289]
2020-10-14 11:21:56,740 INFO [http-nio-auto-1-exec-3] o.d.k.p.PageController [PageController.java:23] CREATE-INFO:Creating page with id = 1
2020-10-14 11:21:56,755 INFO [http-nio-auto-1-exec-4] o.d.k.p.PageController [PageController.java:45] List-INFO:Listing page with id = [org.dell.kube.pages.Page@565e3722]
2020-10-14 11:21:56,884 INFO [http-nio-auto-1-exec-5] o.d.k.p.PageController [PageController.java:23] CREATE-INFO:Creating page with id = 1
2020-10-14 11:21:56,903 INFO [http-nio-auto-1-exec-6] o.d.k.p.PageController [PageController.java:30] READ-INFO:Fetching page with id = 1
2020-10-14 11:21:56,974 INFO [http-nio-auto-1-exec-7] o.d.k.p.PageController [PageController.java:23] CREATE-INFO:Creating page with id = 1
2020-10-14 11:21:57,056 INFO [http-nio-auto-1-exec-8] o.d.k.p.PageController [PageController.java:23] CREATE-INFO:Creating page with id = 1
2020-10-14 11:21:57,070 INFO [http-nio-auto-1-exec-9] o.d.k.p.PageController [PageController.java:64] DELETE-INFO:Deleting page with id = 1
2020-10-14 11:21:57,077 INFO [http-nio-auto-1-exec-10] o.d.k.p.PageController [PageController.java:30] READ-INFO:Fetching page with id = 1
2020-10-14 11:21:57,084 ERROR [http-nio-auto-1-exec-10] o.d.k.p.PageController [PageController.java:37] READ-ERROR:Could not find page with id = 1
2020-10-14 11:21:57,140 INFO [http-nio-auto-1-exec-1] o.d.k.p.PageController [PageController.java:23] CREATE-INFO:Creating page with id = 1
2020-10-14 11:21:57,153 INFO [http-nio-auto-1-exec-2] o.d.k.p.PageController [PageController.java:53] UPDATE-INFO:Updating page with id = 1
2020-10-14 11:21:57,160 INFO [Test worker] o.s.b.t.c.SpringBootTestContextBootstrapper [AbstractTestContextBootstrapper.java:308] Neither @ContextConfiguration nor @ContextHierarchy found for test class [org.dell.kube.pages.MySqlPageRepositoryTest], using SpringBootContextLoader
2020-10-14 11:21:57,177 INFO [Test worker] o.s.t.c.s.AbstractContextLoader [AbstractContextLoader.java:264] Could not detect default resource locations for test class [org.dell.kube.pages.MySqlPageRepositoryTest]: no resource found for suffixes {-context.xml, Context.groovy}.
2020-10-14 11:21:57,178 INFO [Test worker] o.s.t.c.s.AnnotationConfigContextLoaderUtils [AnnotationConfigContextLoaderUtils.java:83] Could not detect default configuration classes for test class [org.dell.kube.pages.MySqlPageRepositoryTest]: MySqlPageRepositoryTest does not declare any static, non-private, non-final, nested classes annotated with @Configuration.
2020-10-14 11:21:57,187 INFO [Test worker] o.s.b.t.c.SpringBootTestContextBootstrapper [SpringBootTestContextBootstrapper.java:237] Found @SpringBootConfiguration org.dell.kube.pages.PageApplication for test class org.dell.kube.pages.MySqlPageRepositoryTest
2020-10-14 11:21:57,189 INFO [Test worker] o.s.b.t.c.SpringBootTestContextBootstrapper [AbstractTestContextBootstrapper.java:248] Loaded default TestExecutionListener class names from location [META-INF/spring.factories]: [org.springframework.boot.test.autoconfigure.restdocs.RestDocsTestExecutionListener, org.springframework.boot.test.autoconfigure.web.client.MockRestServiceServerResetTestExecutionListener, org.springframework.boot.test.autoconfigure.web.servlet.MockMvcPrintOnlyOnFailureTestExecutionListener, org.springframework.boot.test.autoconfigure.web.servlet.WebDriverTestExecutionListener, org.springframework.boot.test.autoconfigure.webservices.client.MockWebServiceServerTestExecutionListener, org.springframework.boot.test.mock.mockito.MockitoTestExecutionListener, org.springframework.boot.test.mock.mockito.ResetMocksTestExecutionListener, org.springframework.test.context.web.ServletTestExecutionListener, org.springframework.test.context.support.DirtiesContextBeforeModesTestExecutionListener, org.springframework.test.context.support.DependencyInjectionTestExecutionListener, org.springframework.test.context.support.DirtiesContextTestExecutionListener, org.springframework.test.context.transaction.TransactionalTestExecutionListener, org.springframework.test.context.jdbc.SqlScriptsTestExecutionListener, org.springframework.test.context.event.EventPublishingTestExecutionListener]
2020-10-14 11:21:57,190 INFO [Test worker] o.s.b.t.c.SpringBootTestContextBootstrapper [AbstractTestContextBootstrapper.java:177] Using TestExecutionListeners: [org.springframework.test.context.web.ServletTestExecutionListener@3970539d, org.springframework.test.context.support.DirtiesContextBeforeModesTestExecutionListener@6683306e, org.springframework.boot.test.mock.mockito.MockitoTestExecutionListener@48b27f01, org.springframework.boot.test.autoconfigure.SpringBootDependencyInjectionTestExecutionListener@4e8a9410, org.springframework.test.context.support.DirtiesContextTestExecutionListener@75ddcae7, org.springframework.test.context.transaction.TransactionalTestExecutionListener@aa29472, org.springframework.test.context.jdbc.SqlScriptsTestExecutionListener@5133b850, org.springframework.test.context.event.EventPublishingTestExecutionListener@4b038c72, org.springframework.boot.test.autoconfigure.restdocs.RestDocsTestExecutionListener@5092fd07, org.springframework.boot.test.autoconfigure.web.client.MockRestServiceServerResetTestExecutionListener@4e0df263, org.springframework.boot.test.autoconfigure.web.servlet.MockMvcPrintOnlyOnFailureTestExecutionListener@23022ca, org.springframework.boot.test.autoconfigure.web.servlet.WebDriverTestExecutionListener@55075ee2, org.springframework.boot.test.autoconfigure.webservices.client.MockWebServiceServerTestExecutionListener@12baeb80, org.springframework.boot.test.mock.mockito.ResetMocksTestExecutionListener@33858d5e]
2020-10-14 11:21:57,257 INFO [Test worker] o.d.k.p.MySqlPageRepositoryTest [StartupInfoLogger.java:55] Starting MySqlPageRepositoryTest on lin01 with PID 16361 (started by student in /home/student/workspace/pages)
2020-10-14 11:21:57,258 INFO [Test worker] o.d.k.p.MySqlPageRepositoryTest [SpringApplication.java:651] No active profile set, falling back to default profiles: default
2020-10-14 11:21:58,108 INFO [Test worker] o.s.s.c.ThreadPoolTaskExecutor [ExecutorConfigurationSupport.java:181] Initializing ExecutorService 'applicationTaskExecutor'
2020-10-14 11:21:58,438 INFO [Test worker] o.s.b.a.e.w.EndpointLinksResolver [EndpointLinksResolver.java:58] Exposing 2 endpoint(s) beneath base path '/actuator'
2020-10-14 11:21:58,471 INFO [Test worker] o.d.k.p.MySqlPageRepositoryTest [StartupInfoLogger.java:61] Started MySqlPageRepositoryTest in 1.274 seconds (JVM running for 8.577)
2020-10-14 11:21:58,481 INFO [Test worker] c.z.h.HikariDataSource [HikariDataSource.java:110] HikariPool-2 - Starting...
2020-10-14 11:21:58,487 INFO [Test worker] c.z.h.HikariDataSource [HikariDataSource.java:123] HikariPool-2 - Start completed.
2020-10-14 11:21:58,768 INFO [Test worker] o.d.k.p.PageController [PageController.java:45] List-INFO:Listing page with id = [org.dell.kube.pages.Page@1a37c1ff, org.dell.kube.pages.Page@f0d4d64]
2020-10-14 11:21:58,787 INFO [Test worker] o.d.k.p.PageController [PageController.java:30] READ-INFO:Fetching page with id = 1
2020-10-14 11:21:58,791 INFO [Test worker] o.d.k.p.PageController [PageController.java:30] READ-INFO:Fetching page with id = 1
2020-10-14 11:21:58,791 ERROR [Test worker] o.d.k.p.PageController [PageController.java:37] READ-ERROR:Could not find page with id = 1
2020-10-14 11:21:58,795 INFO [Test worker] o.d.k.p.PageController [PageController.java:53] UPDATE-INFO:Updating page with id = 1
2020-10-14 11:21:58,798 INFO [Test worker] o.d.k.p.PageController [PageController.java:23] CREATE-INFO:Creating page with id = 1
2020-10-14 11:21:58,801 INFO [Test worker] o.d.k.p.PageController [PageController.java:64] DELETE-INFO:Deleting page with id = 1
2020-10-14 11:21:58,804 INFO [Test worker] o.d.k.p.PageController [PageController.java:53] UPDATE-INFO:Updating page with id = 1
2020-10-14 11:21:58,826 INFO [SpringContextShutdownHook] o.s.s.c.ThreadPoolTaskExecutor [ExecutorConfigurationSupport.java:218] Shutting down ExecutorService 'applicationTaskExecutor'
2020-10-14 11:21:58,833 INFO [SpringContextShutdownHook] c.z.h.HikariDataSource [HikariDataSource.java:350] HikariPool-2 - Shutdown initiated...
2020-10-14 11:21:58,899 INFO [SpringContextShutdownHook] o.s.s.c.ThreadPoolTaskExecutor [ExecutorConfigurationSupport.java:218] Shutting down ExecutorService 'applicationTaskExecutor'
2020-10-14 11:21:58,899 INFO [SpringContextShutdownHook] c.z.h.HikariDataSource [HikariDataSource.java:352] HikariPool-2 - Shutdown completed.
2020-10-14 11:21:58,900 INFO [SpringContextShutdownHook] c.z.h.HikariDataSource [HikariDataSource.java:350] HikariPool-1 - Shutdown initiated...
2020-10-14 11:21:58,916 INFO [SpringContextShutdownHook] c.z.h.HikariDataSource [HikariDataSource.java:352] HikariPool-1 - Shutdown completed.
